{"C:\\Users\\99450\\Desktop\\React-testing\\Todo-List\\src\\App.tsx": {"path":"C:\\Users\\99450\\Desktop\\React-testing\\Todo-List\\src\\App.tsx","statementMap":{"0":{"start":{"line":8,"column":2},"end":{"line":20,"column":4}}},"fnMap":{"0":{"name":"App","decl":{"start":{"line":7,"column":9},"end":{"line":7,"column":12}},"loc":{"start":{"line":7,"column":15},"end":{"line":21,"column":1}},"line":7}},"branchMap":{},"s":{"0":0},"f":{"0":0},"b":{}}
,"C:\\Users\\99450\\Desktop\\React-testing\\Todo-List\\src\\index.tsx": {"path":"C:\\Users\\99450\\Desktop\\React-testing\\Todo-List\\src\\index.tsx","statementMap":{"0":{"start":{"line":8,"column":19},"end":{"line":14,"column":2}},"1":{"start":{"line":15,"column":13},"end":{"line":15,"column":66}},"2":{"start":{"line":16,"column":0},"end":{"line":22,"column":2}}},"fnMap":{},"branchMap":{},"s":{"0":0,"1":0,"2":0},"f":{},"b":{}}
,"C:\\Users\\99450\\Desktop\\React-testing\\Todo-List\\src\\Ts\\Interface\\Todos.ts": {"path":"C:\\Users\\99450\\Desktop\\React-testing\\Todo-List\\src\\Ts\\Interface\\Todos.ts","statementMap":{},"fnMap":{},"branchMap":{},"s":{},"f":{},"b":{}}
,"C:\\Users\\99450\\Desktop\\React-testing\\Todo-List\\src\\components\\TodoDetail\\TodoDetailStyled.ts": {"path":"C:\\Users\\99450\\Desktop\\React-testing\\Todo-List\\src\\components\\TodoDetail\\TodoDetailStyled.ts","statementMap":{"0":{"start":{"line":4,"column":29},"end":{"line":10,"column":2}},"1":{"start":{"line":12,"column":29},"end":{"line":15,"column":2}}},"fnMap":{},"branchMap":{},"s":{"0":1,"1":1},"f":{},"b":{},"_coverageSchema":"1a1c01bbd47fc00a2c39e90264f33305004495a9","hash":"60c960477ca1641e3cca9942f726abafb0953ff6"}
,"C:\\Users\\99450\\Desktop\\React-testing\\Todo-List\\src\\components\\TodoDetail\\index.tsx": {"path":"C:\\Users\\99450\\Desktop\\React-testing\\Todo-List\\src\\components\\TodoDetail\\index.tsx","statementMap":{"0":{"start":{"line":8,"column":26},"end":{"line":26,"column":1}},"1":{"start":{"line":9,"column":17},"end":{"line":9,"column":28}},"2":{"start":{"line":10,"column":47},"end":{"line":10,"column":78}},"3":{"start":{"line":12,"column":2},"end":{"line":14,"column":3}},"4":{"start":{"line":13,"column":4},"end":{"line":13,"column":32}},"5":{"start":{"line":16,"column":2},"end":{"line":18,"column":3}},"6":{"start":{"line":17,"column":4},"end":{"line":17,"column":21}},"7":{"start":{"line":19,"column":2},"end":{"line":25,"column":4}}},"fnMap":{"0":{"name":"(anonymous_0)","decl":{"start":{"line":8,"column":26},"end":{"line":8,"column":27}},"loc":{"start":{"line":8,"column":32},"end":{"line":26,"column":1}},"line":8}},"branchMap":{"0":{"loc":{"start":{"line":12,"column":2},"end":{"line":14,"column":3}},"type":"if","locations":[{"start":{"line":12,"column":2},"end":{"line":14,"column":3}},{"start":{},"end":{}}],"line":12},"1":{"loc":{"start":{"line":16,"column":2},"end":{"line":18,"column":3}},"type":"if","locations":[{"start":{"line":16,"column":2},"end":{"line":18,"column":3}},{"start":{},"end":{}}],"line":16}},"s":{"0":1,"1":3,"2":3,"3":3,"4":1,"5":2,"6":1,"7":1},"f":{"0":3},"b":{"0":[1,2],"1":[1,1]},"_coverageSchema":"1a1c01bbd47fc00a2c39e90264f33305004495a9","hash":"3c8ce60c566021ebfb68fdffd3eb5b5aa926d652"}
,"C:\\Users\\99450\\Desktop\\React-testing\\Todo-List\\src\\components\\TodoItem\\TodoItemStyled.ts": {"path":"C:\\Users\\99450\\Desktop\\React-testing\\Todo-List\\src\\components\\TodoItem\\TodoItemStyled.ts","statementMap":{"0":{"start":{"line":5,"column":26},"end":{"line":10,"column":2}},"1":{"start":{"line":11,"column":30},"end":{"line":15,"column":2}}},"fnMap":{},"branchMap":{},"s":{"0":2,"1":2},"f":{},"b":{},"_coverageSchema":"1a1c01bbd47fc00a2c39e90264f33305004495a9","hash":"f3d9144f576d1904a765b897503545bbd545574b"}
,"C:\\Users\\99450\\Desktop\\React-testing\\Todo-List\\src\\components\\TodoItem\\index.tsx": {"path":"C:\\Users\\99450\\Desktop\\React-testing\\Todo-List\\src\\components\\TodoItem\\index.tsx","statementMap":{"0":{"start":{"line":9,"column":17},"end":{"line":27,"column":1}},"1":{"start":{"line":10,"column":2},"end":{"line":26,"column":15}}},"fnMap":{"0":{"name":"(anonymous_0)","decl":{"start":{"line":9,"column":17},"end":{"line":9,"column":18}},"loc":{"start":{"line":10,"column":2},"end":{"line":26,"column":15}},"line":10}},"branchMap":{"0":{"loc":{"start":{"line":18,"column":10},"end":{"line":18,"column":76}},"type":"cond-expr","locations":[{"start":{"line":18,"column":31},"end":{"line":18,"column":51}},{"start":{"line":18,"column":54},"end":{"line":18,"column":76}}],"line":18}},"s":{"0":2,"1":2},"f":{"0":2},"b":{"0":[0,2]},"_coverageSchema":"1a1c01bbd47fc00a2c39e90264f33305004495a9","hash":"131fa6231d4638d31c3101969ec438f9cda4a5e1"}
,"C:\\Users\\99450\\Desktop\\React-testing\\Todo-List\\src\\components\\Todos\\TodosStyled.ts": {"path":"C:\\Users\\99450\\Desktop\\React-testing\\Todo-List\\src\\components\\Todos\\TodosStyled.ts","statementMap":{"0":{"start":{"line":4,"column":25},"end":{"line":13,"column":2}},"1":{"start":{"line":15,"column":27},"end":{"line":20,"column":2}}},"fnMap":{},"branchMap":{},"s":{"0":1,"1":1},"f":{},"b":{},"_coverageSchema":"1a1c01bbd47fc00a2c39e90264f33305004495a9","hash":"f329cb1b6a7b95a44cf574288e19f9a0b834cd55"}
,"C:\\Users\\99450\\Desktop\\React-testing\\Todo-List\\src\\components\\Todos\\index.tsx": {"path":"C:\\Users\\99450\\Desktop\\React-testing\\Todo-List\\src\\components\\Todos\\index.tsx","statementMap":{"0":{"start":{"line":9,"column":14},"end":{"line":26,"column":1}},"1":{"start":{"line":10,"column":45},"end":{"line":10,"column":63}},"2":{"start":{"line":11,"column":2},"end":{"line":13,"column":3}},"3":{"start":{"line":12,"column":4},"end":{"line":12,"column":32}},"4":{"start":{"line":14,"column":2},"end":{"line":16,"column":3}},"5":{"start":{"line":15,"column":4},"end":{"line":15,"column":21}},"6":{"start":{"line":17,"column":2},"end":{"line":25,"column":4}},"7":{"start":{"line":21,"column":10},"end":{"line":21,"column":49}}},"fnMap":{"0":{"name":"(anonymous_0)","decl":{"start":{"line":9,"column":14},"end":{"line":9,"column":15}},"loc":{"start":{"line":9,"column":20},"end":{"line":26,"column":1}},"line":9},"1":{"name":"(anonymous_1)","decl":{"start":{"line":20,"column":20},"end":{"line":20,"column":21}},"loc":{"start":{"line":21,"column":10},"end":{"line":21,"column":49}},"line":21}},"branchMap":{"0":{"loc":{"start":{"line":11,"column":2},"end":{"line":13,"column":3}},"type":"if","locations":[{"start":{"line":11,"column":2},"end":{"line":13,"column":3}},{"start":{},"end":{}}],"line":11},"1":{"loc":{"start":{"line":14,"column":2},"end":{"line":16,"column":3}},"type":"if","locations":[{"start":{"line":14,"column":2},"end":{"line":16,"column":3}},{"start":{},"end":{}}],"line":14}},"s":{"0":1,"1":3,"2":3,"3":1,"4":2,"5":1,"6":1,"7":1},"f":{"0":3,"1":1},"b":{"0":[1,2],"1":[1,1]},"_coverageSchema":"1a1c01bbd47fc00a2c39e90264f33305004495a9","hash":"a363e23c6d03af8b7abf1bdf2eb046a32a1da578"}
,"C:\\Users\\99450\\Desktop\\React-testing\\Todo-List\\src\\store\\TodosApi.ts": {"path":"C:\\Users\\99450\\Desktop\\React-testing\\Todo-List\\src\\store\\TodosApi.ts","statementMap":{"0":{"start":{"line":4,"column":17},"end":{"line":4,"column":48}},"1":{"start":{"line":5,"column":24},"end":{"line":16,"column":2}},"2":{"start":{"line":8,"column":27},"end":{"line":15,"column":3}},"3":{"start":{"line":10,"column":19},"end":{"line":10,"column":27}},"4":{"start":{"line":13,"column":29},"end":{"line":13,"column":43}},"5":{"start":{"line":18,"column":57},"end":{"line":18,"column":65}}},"fnMap":{"0":{"name":"(anonymous_0)","decl":{"start":{"line":8,"column":13},"end":{"line":8,"column":14}},"loc":{"start":{"line":8,"column":27},"end":{"line":15,"column":3}},"line":8},"1":{"name":"(anonymous_1)","decl":{"start":{"line":10,"column":13},"end":{"line":10,"column":14}},"loc":{"start":{"line":10,"column":19},"end":{"line":10,"column":27}},"line":10},"2":{"name":"(anonymous_2)","decl":{"start":{"line":13,"column":13},"end":{"line":13,"column":14}},"loc":{"start":{"line":13,"column":29},"end":{"line":13,"column":43}},"line":13}},"branchMap":{},"s":{"0":2,"1":2,"2":2,"3":0,"4":0,"5":2},"f":{"0":2,"1":0,"2":0},"b":{},"_coverageSchema":"1a1c01bbd47fc00a2c39e90264f33305004495a9","hash":"ab5ea4a7e697cff8c4ca2cd44d30360f2c9979ce"}
,"C:\\Users\\99450\\Desktop\\React-testing\\Todo-List\\src\\store\\index.ts": {"path":"C:\\Users\\99450\\Desktop\\React-testing\\Todo-List\\src\\store\\index.ts","statementMap":{"0":{"start":{"line":4,"column":14},"end":{"line":9,"column":2}},"1":{"start":{"line":8,"column":40},"end":{"line":8,"column":90}}},"fnMap":{"0":{"name":"(anonymous_0)","decl":{"start":{"line":8,"column":14},"end":{"line":8,"column":15}},"loc":{"start":{"line":8,"column":40},"end":{"line":8,"column":90}},"line":8}},"branchMap":{},"s":{"0":0,"1":0},"f":{"0":0},"b":{}}
}
